info it worked if it ends with ok
verbose cli [ 'node',
verbose cli   '/Users/myfinder/.nvm/v0.4.11/bin/npm',
verbose cli   'install',
verbose cli   'http_load' ]
info using npm@1.0.27
info using node@v0.4.11
verbose config file /Users/myfinder/.npmrc
verbose config file /Users/myfinder/.nvm/v0.4.11/etc/npmrc
silly testEngine { name: 'async',
silly testEngine   description: 'Higher-order functions and common patterns for asynchronous code',
silly testEngine   main: './index',
silly testEngine   author: { name: 'Caolan McMahon' },
silly testEngine   version: '0.1.9',
silly testEngine   repository: 
silly testEngine    { type: 'git',
silly testEngine      url: 'git://github.com/caolan/async.git' },
silly testEngine   bugs: { url: 'http://github.com/caolan/async/issues' },
silly testEngine   licenses: 
silly testEngine    [ { type: 'MIT',
silly testEngine        url: 'http://github.com/caolan/async/raw/master/LICENSE' } ],
silly testEngine   _npmJsonOpts: 
silly testEngine    { file: '/Users/myfinder/Development/github/node_modules/async/package.json',
silly testEngine      wscript: false,
silly testEngine      contributors: false,
silly testEngine      serverjs: false },
silly testEngine   _id: 'async@0.1.9',
silly testEngine   dependencies: {},
silly testEngine   devDependencies: {},
silly testEngine   engines: { node: '*' },
silly testEngine   _engineSupported: true,
silly testEngine   _npmVersion: '1.0.27',
silly testEngine   _nodeVersion: 'v0.4.11',
silly testEngine   _defaultsLoaded: true }
verbose caching /Users/myfinder/Development/github/node_modules/async/package.json
verbose loadDefaults async@0.1.9
silly testEngine { name: 'express',
silly testEngine   description: 'Sinatra inspired web development framework',
silly testEngine   version: '2.4.6',
silly testEngine   author: 
silly testEngine    { name: 'TJ Holowaychuk',
silly testEngine      email: 'tj@vision-media.ca' },
silly testEngine   contributors: 
silly testEngine    [ { name: 'TJ Holowaychuk',
silly testEngine        email: 'tj@vision-media.ca' },
silly testEngine      { name: 'Aaron Heckmann',
silly testEngine        email: 'aaron.heckmann+github@gmail.com' },
silly testEngine      { name: 'Ciaran Jessup', email: 'ciaranj@gmail.com' },
silly testEngine      { name: 'Guillermo Rauch', email: 'rauchg@gmail.com' } ],
silly testEngine   dependencies: 
silly testEngine    { connect: '>= 1.5.2 < 2.0.0',
silly testEngine      mime: '>= 0.0.1',
silly testEngine      qs: '>= 0.3.1' },
silly testEngine   devDependencies: 
silly testEngine    { 'connect-form': '0.2.1',
silly testEngine      ejs: '0.4.2',
silly testEngine      expresso: '0.7.2',
silly testEngine      hamljs: '0.5.1',
silly testEngine      jade: '0.11.0',
silly testEngine      stylus: '0.13.0',
silly testEngine      should: '0.2.1',
silly testEngine      'express-messages': '0.0.2',
silly testEngine      'node-markdown': '>= 0.0.1',
silly testEngine      'connect-redis': '>= 0.0.1' },
silly testEngine   keywords: [ 'framework', 'sinatra', 'web', 'rest', 'restful' ],
silly testEngine   repository: 
silly testEngine    { type: 'git',
silly testEngine      url: 'git://github.com/visionmedia/express.git' },
silly testEngine   main: 'index',
silly testEngine   bin: { express: './bin/express' },
silly testEngine   scripts: { test: 'make test', prepublish: 'npm prune' },
silly testEngine   engines: { node: '>= 0.4.1 < 0.5.0' },
silly testEngine   _npmJsonOpts: 
silly testEngine    { file: '/Users/myfinder/Development/github/node_modules/express/package.json',
silly testEngine      wscript: false,
silly testEngine      contributors: false,
silly testEngine      serverjs: false },
silly testEngine   _id: 'express@2.4.6',
silly testEngine   _engineSupported: true,
silly testEngine   _npmVersion: '1.0.27',
silly testEngine   _nodeVersion: 'v0.4.11',
silly testEngine   _defaultsLoaded: true }
verbose caching /Users/myfinder/Development/github/node_modules/express/package.json
verbose loadDefaults express@2.4.6
silly testEngine { name: 'jade',
silly testEngine   description: 'Jade template engine',
silly testEngine   version: '0.15.2',
silly testEngine   author: 
silly testEngine    { name: 'TJ Holowaychuk',
silly testEngine      email: 'tj@vision-media.ca' },
silly testEngine   repository: 
silly testEngine    { type: 'git',
silly testEngine      url: 'git://github.com/visionmedia/jade.git' },
silly testEngine   main: './index.js',
silly testEngine   bin: { jade: './bin/jade' },
silly testEngine   dependencies: { commander: '0.1.0', mkdirp: '0.0.6' },
silly testEngine   devDependencies: 
silly testEngine    { expresso: '0.6.4',
silly testEngine      'coffee-script': '>= 0.0.1',
silly testEngine      sass: '>= 0.0.1',
silly testEngine      less: '>= 0.0.1',
silly testEngine      markdown: '>= 0.0.1',
silly testEngine      stylus: '>= 0.0.1',
silly testEngine      uubench: '0.0.1' },
silly testEngine   scripts: { prepublish: 'npm prune' },
silly testEngine   engines: { node: '>= 0.1.98' },
silly testEngine   _npmJsonOpts: 
silly testEngine    { file: '/Users/myfinder/Development/github/node_modules/jade/package.json',
silly testEngine      wscript: false,
silly testEngine      contributors: false,
silly testEngine      serverjs: false },
silly testEngine   _id: 'jade@0.15.2',
silly testEngine   _engineSupported: true,
silly testEngine   _npmVersion: '1.0.27',
silly testEngine   _nodeVersion: 'v0.4.11',
silly testEngine   _defaultsLoaded: true }
verbose caching /Users/myfinder/Development/github/node_modules/jade/package.json
verbose loadDefaults jade@0.15.2
silly testEngine { name: 'mysql',
silly testEngine   version: '0.9.3',
silly testEngine   author: 
silly testEngine    { name: 'Felix Geisendörfer',
silly testEngine      email: 'felix@debuggable.com',
silly testEngine      url: 'http://debuggable.com/' },
silly testEngine   description: 'A pure node.js JavaScript Client implementing the MySQL protocol.',
silly testEngine   homepage: 'https://github.com/felixge/node-mysql',
silly testEngine   repository: 
silly testEngine    { type: 'git',
silly testEngine      url: 'git://github.com/felixge/node-mysql.git' },
silly testEngine   main: './index',
silly testEngine   scripts: { test: 'make test' },
silly testEngine   dependencies: { hashish: '0.0.4' },
silly testEngine   devDependencies: 
silly testEngine    { gently: '0.8.0',
silly testEngine      far: '0.0.6',
silly testEngine      'fast-or-slow': '0.0.5' },
silly testEngine   engines: { node: '*' },
silly testEngine   _npmJsonOpts: 
silly testEngine    { file: '/Users/myfinder/Development/github/node_modules/mysql/package.json',
silly testEngine      wscript: false,
silly testEngine      contributors: false,
silly testEngine      serverjs: false },
silly testEngine   _id: 'mysql@0.9.3',
silly testEngine   _engineSupported: true,
silly testEngine   _npmVersion: '1.0.27',
silly testEngine   _nodeVersion: 'v0.4.11',
silly testEngine   _defaultsLoaded: true }
verbose caching /Users/myfinder/Development/github/node_modules/mysql/package.json
verbose loadDefaults mysql@0.9.3
silly testEngine { name: 'jsdom',
silly testEngine   version: '0.2.3',
silly testEngine   description: 'A javascript implementation of the W3C DOM',
silly testEngine   keywords: [ 'dom', 'w3c', 'javascript' ],
silly testEngine   maintainers: 
silly testEngine    [ { name: 'Elijah Insua',
silly testEngine        email: 'tmpvar@gmail.com',
silly testEngine        url: 'http://tmpvar.com' } ],
silly testEngine   contributors: 
silly testEngine    [ { name: 'Vincent Greene',
silly testEngine        email: 'ulteriorlife@gmail.com' },
silly testEngine      { name: 'Dav Glass', email: 'davglass@gmail.com' },
silly testEngine      { name: 'Felix Gnass', email: 'fgnass@gmail.com' },
silly testEngine      { name: 'Charlie Robbins',
silly testEngine        email: 'charlie.robbins@gmail.com' },
silly testEngine      { name: 'Aria Stewart', email: 'aredridel@nbtsc.org' },
silly testEngine      { name: 'Matthew',
silly testEngine        email: 'N.A.',
silly testEngine        url: 'http://github.com/matthewpflueger/' },
silly testEngine      { name: 'Olivier El Mekki',
silly testEngine        email: 'unknown',
silly testEngine        url: 'http://blog.olivier-elmekki.com/' },
silly testEngine      { name: 'Shimon Dookdin',
silly testEngine        email: 'helpmepro1@gmail.com' },
silly testEngine      { name: 'Daniel Cassidy',
silly testEngine        email: 'mail@danielcassidy.me.uk',
silly testEngine        url: 'http://www.danielcassidy.me.uk/' },
silly testEngine      { name: 'Sam Ruby',
silly testEngine        email: 'N/A',
silly testEngine        url: 'http://intertwingly.net/blog/' },
silly testEngine      { name: 'hij1nx', url: 'http://github.com/hij1nx' },
silly testEngine      { name: 'Daniel Cassidy',
silly testEngine        email: 'mail@danielcassidy.me.uk' },
silly testEngine      { name: 'Yonathan Randolph',
silly testEngine        url: 'http://github.com/yonran' },
silly testEngine      { name: 'Martin Davis',
silly testEngine        url: 'http://github.com/waslogic' },
silly testEngine      { name: 'Andreas Lind Petersen',
silly testEngine        email: 'andreas@one.com' },
silly testEngine      { name: 'd-ash', url: 'http://github.com/d-ash' },
silly testEngine      { name: 'Robin Zhong', email: 'fbzhong@gmail.com' },
silly testEngine      { name: 'Alexander Flatter',
silly testEngine        email: 'flatter@gmail.com' },
silly testEngine      { name: 'Heng Liu', email: 'liucougar@gmail.com' },
silly testEngine      { name: 'Brian McDaniel',
silly testEngine        url: 'http://github.com/brianmcd' } ],
silly testEngine   bugs: 
silly testEngine    { email: 'tmpvar@gmail.com',
silly testEngine      url: 'http://github.com/tmpvar/jsdom/issues' },
silly testEngine   licenses: 
silly testEngine    [ { type: 'MIT',
silly testEngine        url: 'http://github.com/tmpvar/jsdom/blob/master/LICENSE.txt' } ],
silly testEngine   repositories: 
silly testEngine    [ { type: 'git',
silly testEngine        url: 'http://github.com/tmpvar/jsdom.git' } ],
silly testEngine   implements: [ 'http://www.w3.org/TR/REC-DOM-Level-1' ],
silly testEngine   dependencies: 
silly testEngine    { htmlparser: '>=1.7.0',
silly testEngine      request: '>=1.0.0',
silly testEngine      cssom: '>=0.2.0',
silly testEngine      contextify: '>=0.0.3' },
silly testEngine   devDependencies: 
silly testEngine    { nodeunit: '>=0.5.x',
silly testEngine      'console.log': '*',
silly testEngine      optimist: '*' },
silly testEngine   engines: { node: '>=0.1.9' },
silly testEngine   directories: { lib: './lib/jsdom' },
silly testEngine   main: './lib/jsdom',
silly testEngine   _npmJsonOpts: 
silly testEngine    { file: '/Users/myfinder/Development/github/node_modules/jsdom/package.json',
silly testEngine      wscript: false,
silly testEngine      contributors: false,
silly testEngine      serverjs: false },
silly testEngine   _id: 'jsdom@0.2.3',
silly testEngine   _engineSupported: true,
silly testEngine   _npmVersion: '1.0.27',
silly testEngine   _nodeVersion: 'v0.4.11',
silly testEngine   _defaultsLoaded: true }
verbose caching /Users/myfinder/Development/github/node_modules/jsdom/package.json
verbose loadDefaults jsdom@0.2.3
verbose into /Users/myfinder/Development/github [ 'http_load' ]
verbose cache add http_load
verbose cache add [ 'http_load', null ]
silly cache add: name, spec, args [ undefined, 'http_load', [ 'http_load', null ] ]
verbose parsed url { pathname: 'http_load', href: 'http_load' }
info addNamed [ 'http_load', '' ]
verbose addNamed [ null, '' ]
verbose GET http_load
verbose raw, before any munging http_load
verbose url resolving [ 'https://registry.npmjs.org/', './http_load' ]
verbose url resolved https://registry.npmjs.org/http_load
verbose url parsed { protocol: 'https:',
verbose url parsed   slashes: true,
verbose url parsed   host: 'registry.npmjs.org',
verbose url parsed   hostname: 'registry.npmjs.org',
verbose url parsed   href: 'https://registry.npmjs.org/http_load',
verbose url parsed   pathname: '/http_load' }
verbose response https://registry.npmjs.org/http_load
silly chunk {"error":"not_found","reason":"document not found"}
silly chunk 
silly get cb [ 404,
silly get cb   { server: 'CouchDB/1.1.0 (Erlang OTP/R14B03)',
silly get cb     date: 'Sun, 28 Aug 2011 05:55:29 GMT',
silly get cb     'content-type': 'application/json',
silly get cb     'content-length': '52',
silly get cb     'cache-control': 'must-revalidate' } ]
ERR! 404 'http_load' is not in the npm registry.
ERR! 404 You should bug the author to publish it.
ERR! 404 Note that you can also install from a tarball or folder.
ERR! 
ERR! System Darwin 10.8.0
ERR! command "node" "/Users/myfinder/.nvm/v0.4.11/bin/npm" "install" "http_load"
ERR! cwd /Users/myfinder/Development/github/isucon/tools
ERR! node -v v0.4.11
ERR! npm -v 1.0.27
verbose exit [ 1, true ]
